[debug] [2018-10-24T03:26:58.004Z] ----------------------------------------------------------------------
[debug] [2018-10-24T03:26:58.010Z] Command:       C:\Program Files\nodejs\node.exe C:\Users\rrobl\AppData\Roaming\npm\node_modules\firebase-tools\bin\firebase serve --only functions
[debug] [2018-10-24T03:26:58.011Z] CLI Version:   5.0.1
[debug] [2018-10-24T03:26:58.011Z] Platform:      win32
[debug] [2018-10-24T03:26:58.011Z] Node Version:  v10.12.0
[debug] [2018-10-24T03:26:58.014Z] Time:          Tue Oct 23 2018 22:26:58 GMT-0500 (GMT-05:00)
[debug] [2018-10-24T03:26:58.014Z] ----------------------------------------------------------------------
[debug] 
[debug] [2018-10-24T03:26:58.049Z] > command requires scopes: ["email","openid","https://www.googleapis.com/auth/cloudplatformprojects.readonly","https://www.googleapis.com/auth/firebase","https://www.googleapis.com/auth/cloud-platform"]
[debug] [2018-10-24T03:26:58.050Z] > authorizing via signed-in user
[debug] [2018-10-24T03:26:58.050Z] [iam] checking project eshop-back for permissions ["firebase.projects.get"]
[debug] [2018-10-24T03:26:58.055Z] > refreshing access token with scopes: ["email","https://www.googleapis.com/auth/cloud-platform","https://www.googleapis.com/auth/cloudplatformprojects.readonly","https://www.googleapis.com/auth/firebase","openid"]
[debug] [2018-10-24T03:26:58.056Z] >>> HTTP REQUEST POST https://www.googleapis.com/oauth2/v3/token  
 <request body omitted>
[debug] [2018-10-24T03:26:58.608Z] <<< HTTP RESPONSE 200
[debug] [2018-10-24T03:26:58.617Z] >>> HTTP REQUEST POST https://cloudresourcemanager.googleapis.com/v1/projects/eshop-back:testIamPermissions  

[debug] [2018-10-24T03:26:59.173Z] <<< HTTP RESPONSE 200
[debug] [2018-10-24T03:26:59.175Z] >>> HTTP REQUEST GET https://cloudresourcemanager.googleapis.com/v1/projects/eshop-back  
 
[debug] [2018-10-24T03:26:59.582Z] <<< HTTP RESPONSE 200
[info] 
[info] === Serving from 'C:\Users\rrobl\WebstormProjects\serverless-node-crud-cloud-function'...
[info] 
[info] i  functions: Preparing to emulate functions.
[debug] [2018-10-24T03:27:02.102Z] Fetching environment
[debug] [2018-10-24T03:27:02.109Z] >>> HTTP REQUEST GET https://mobilesdk-pa.googleapis.com/v1/projects/672704932432:getServerAppConfig  
 
[debug] [2018-10-24T03:27:02.713Z] <<< HTTP RESPONSE 200
[debug] [2018-10-24T03:27:02.714Z] Starting @google-cloud/functions-emulator
[debug] [2018-10-24T03:27:07.277Z] Parsing function triggers
[info] +  functions: eshop: http://localhost:5000/eshop-back/us-central1/eshop
[debug] [2018-10-25T02:26:14.637Z] ----------------------------------------------------------------------
[debug] [2018-10-25T02:26:14.643Z] Command:       C:\Program Files\nodejs\node.exe C:\Users\rrobl\AppData\Roaming\npm\node_modules\firebase-tools\bin\firebase serve --only functions
[debug] [2018-10-25T02:26:14.643Z] CLI Version:   5.0.1
[debug] [2018-10-25T02:26:14.643Z] Platform:      win32
[debug] [2018-10-25T02:26:14.643Z] Node Version:  v10.12.0
[debug] [2018-10-25T02:26:14.650Z] Time:          Wed Oct 24 2018 21:26:14 GMT-0500 (GMT-05:00)
[debug] [2018-10-25T02:26:14.650Z] ----------------------------------------------------------------------
[debug] 
[debug] [2018-10-25T02:26:14.689Z] > command requires scopes: ["email","openid","https://www.googleapis.com/auth/cloudplatformprojects.readonly","https://www.googleapis.com/auth/firebase","https://www.googleapis.com/auth/cloud-platform"]
[debug] [2018-10-25T02:26:14.704Z] > authorizing via signed-in user
[debug] [2018-10-25T02:26:14.704Z] [iam] checking project eshop-back for permissions ["firebase.projects.get"]
[debug] [2018-10-25T02:26:14.711Z] > refreshing access token with scopes: ["email","https://www.googleapis.com/auth/cloud-platform","https://www.googleapis.com/auth/cloudplatformprojects.readonly","https://www.googleapis.com/auth/firebase","openid"]
[debug] [2018-10-25T02:26:14.711Z] >>> HTTP REQUEST POST https://www.googleapis.com/oauth2/v3/token  
 <request body omitted>
[debug] [2018-10-25T02:26:15.241Z] <<< HTTP RESPONSE 200
[debug] [2018-10-25T02:26:15.250Z] >>> HTTP REQUEST POST https://cloudresourcemanager.googleapis.com/v1/projects/eshop-back:testIamPermissions  

[debug] [2018-10-25T02:26:15.765Z] <<< HTTP RESPONSE 200
[debug] [2018-10-25T02:26:15.767Z] >>> HTTP REQUEST GET https://cloudresourcemanager.googleapis.com/v1/projects/eshop-back  
 
[debug] [2018-10-25T02:26:16.151Z] <<< HTTP RESPONSE 200
[info] 
[info] === Serving from 'C:\Users\rrobl\WebstormProjects\serverless-node-crud-cloud-function'...
[info] 
[info] i  functions: Preparing to emulate functions.
[debug] [2018-10-25T02:26:18.405Z] Fetching environment
[debug] [2018-10-25T02:26:18.411Z] >>> HTTP REQUEST GET https://mobilesdk-pa.googleapis.com/v1/projects/672704932432:getServerAppConfig  
 
[debug] [2018-10-25T02:26:18.971Z] <<< HTTP RESPONSE 200
[debug] [2018-10-25T02:26:18.972Z] Starting @google-cloud/functions-emulator
[debug] [2018-10-25T02:26:23.535Z] Parsing function triggers
[info] +  functions: eshop: http://localhost:5000/eshop-back/us-central1/eshop
[debug] [2018-10-25T02:46:58.898Z] ----------------------------------------------------------------------
[debug] [2018-10-25T02:46:58.917Z] Command:       C:\Program Files\nodejs\node.exe C:\Users\rrobl\AppData\Roaming\npm\node_modules\firebase-tools\bin\firebase serve --only functions
[debug] [2018-10-25T02:46:58.918Z] CLI Version:   5.0.1
[debug] [2018-10-25T02:46:58.918Z] Platform:      win32
[debug] [2018-10-25T02:46:58.918Z] Node Version:  v10.12.0
[debug] [2018-10-25T02:46:58.921Z] Time:          Wed Oct 24 2018 21:46:58 GMT-0500 (GMT-05:00)
[debug] [2018-10-25T02:46:58.922Z] ----------------------------------------------------------------------
[debug] 
[debug] [2018-10-25T02:46:58.992Z] > command requires scopes: ["email","openid","https://www.googleapis.com/auth/cloudplatformprojects.readonly","https://www.googleapis.com/auth/firebase","https://www.googleapis.com/auth/cloud-platform"]
[debug] [2018-10-25T02:46:58.997Z] > authorizing via signed-in user
[debug] [2018-10-25T02:46:58.997Z] [iam] checking project eshop-back for permissions ["firebase.projects.get"]
[debug] [2018-10-25T02:46:59.005Z] >>> HTTP REQUEST POST https://cloudresourcemanager.googleapis.com/v1/projects/eshop-back:testIamPermissions  

[debug] [2018-10-25T02:47:01.454Z] <<< HTTP RESPONSE 200
[debug] [2018-10-25T02:47:01.458Z] >>> HTTP REQUEST GET https://cloudresourcemanager.googleapis.com/v1/projects/eshop-back  
 
[debug] [2018-10-25T02:47:02.198Z] <<< HTTP RESPONSE 200
[info] 
[info] === Serving from 'C:\Users\rrobl\WebstormProjects\serverless-node-crud-cloud-function'...
[info] 
[info] i  functions: Preparing to emulate functions.
[debug] [2018-10-25T02:47:05.903Z] Fetching environment
[debug] [2018-10-25T02:47:05.911Z] >>> HTTP REQUEST GET https://mobilesdk-pa.googleapis.com/v1/projects/672704932432:getServerAppConfig  
 
[debug] [2018-10-25T02:47:07.180Z] <<< HTTP RESPONSE 200
[debug] [2018-10-25T02:47:07.180Z] Starting @google-cloud/functions-emulator
[debug] [2018-10-25T02:47:12.147Z] Parsing function triggers
[info] +  functions: eshop: http://localhost:5000/eshop-back/us-central1/eshop
[debug] [2018-11-09T02:18:13.399Z] ----------------------------------------------------------------------
[debug] [2018-11-09T02:18:13.410Z] Command:       C:\Program Files\nodejs\node.exe C:\Users\rrobl\AppData\Roaming\npm\node_modules\firebase-tools\bin\firebase serve --only functions
[debug] [2018-11-09T02:18:13.410Z] CLI Version:   5.0.1
[debug] [2018-11-09T02:18:13.410Z] Platform:      win32
[debug] [2018-11-09T02:18:13.411Z] Node Version:  v10.12.0
[debug] [2018-11-09T02:18:13.422Z] Time:          Thu Nov 08 2018 21:18:13 GMT-0500 (GMT-05:00)
[debug] [2018-11-09T02:18:13.422Z] ----------------------------------------------------------------------
[debug] 
[debug] [2018-11-09T02:18:13.500Z] > command requires scopes: ["email","openid","https://www.googleapis.com/auth/cloudplatformprojects.readonly","https://www.googleapis.com/auth/firebase","https://www.googleapis.com/auth/cloud-platform"]
[debug] [2018-11-09T02:18:13.503Z] > authorizing via signed-in user
[debug] [2018-11-09T02:18:13.504Z] [iam] checking project eshop-back for permissions ["firebase.projects.get"]
[debug] [2018-11-09T02:18:13.512Z] > refreshing access token with scopes: ["email","https://www.googleapis.com/auth/cloud-platform","https://www.googleapis.com/auth/cloudplatformprojects.readonly","https://www.googleapis.com/auth/firebase","openid"]
[debug] [2018-11-09T02:18:13.513Z] >>> HTTP REQUEST POST https://www.googleapis.com/oauth2/v3/token  
 <request body omitted>
[debug] [2018-11-09T02:18:14.114Z] <<< HTTP RESPONSE 200
[debug] [2018-11-09T02:18:14.126Z] >>> HTTP REQUEST POST https://cloudresourcemanager.googleapis.com/v1/projects/eshop-back:testIamPermissions  

[debug] [2018-11-09T02:18:14.699Z] <<< HTTP RESPONSE 200
[debug] [2018-11-09T02:18:14.702Z] >>> HTTP REQUEST GET https://cloudresourcemanager.googleapis.com/v1/projects/eshop-back  
 
[debug] [2018-11-09T02:18:15.117Z] <<< HTTP RESPONSE 200
[info] 
[info] === Serving from 'C:\Users\rrobl\WebstormProjects\serverless-node-crud-cloud-function'...
[info] 
[info] i  functions: Preparing to emulate functions.
[debug] [2018-11-09T02:18:20.602Z] Fetching environment
[debug] [2018-11-09T02:18:20.611Z] >>> HTTP REQUEST GET https://mobilesdk-pa.googleapis.com/v1/projects/672704932432:getServerAppConfig  
 
[debug] [2018-11-09T02:18:21.215Z] <<< HTTP RESPONSE 200
[debug] [2018-11-09T02:18:21.216Z] Starting @google-cloud/functions-emulator
[debug] [2018-11-09T02:18:31.835Z] Parsing function triggers
[info] +  functions: eshop: http://localhost:5000/eshop-back/us-central1/eshop
[debug] [2018-11-12T04:30:07.286Z] ----------------------------------------------------------------------
[debug] [2018-11-12T04:30:07.293Z] Command:       C:\Program Files\nodejs\node.exe C:\Users\rrobl\AppData\Roaming\npm\node_modules\firebase-tools\bin\firebase serve --only functions
[debug] [2018-11-12T04:30:07.293Z] CLI Version:   5.0.1
[debug] [2018-11-12T04:30:07.293Z] Platform:      win32
[debug] [2018-11-12T04:30:07.293Z] Node Version:  v10.12.0
[debug] [2018-11-12T04:30:07.303Z] Time:          Sun Nov 11 2018 23:30:07 GMT-0500 (GMT-05:00)
[debug] [2018-11-12T04:30:07.303Z] ----------------------------------------------------------------------
[debug] 
[debug] [2018-11-12T04:30:07.350Z] > command requires scopes: ["email","openid","https://www.googleapis.com/auth/cloudplatformprojects.readonly","https://www.googleapis.com/auth/firebase","https://www.googleapis.com/auth/cloud-platform"]
[debug] [2018-11-12T04:30:07.353Z] > authorizing via signed-in user
[debug] [2018-11-12T04:30:07.353Z] [iam] checking project eshop-back for permissions ["firebase.projects.get"]
[debug] [2018-11-12T04:30:07.360Z] > refreshing access token with scopes: ["email","https://www.googleapis.com/auth/cloud-platform","https://www.googleapis.com/auth/cloudplatformprojects.readonly","https://www.googleapis.com/auth/firebase","openid"]
[debug] [2018-11-12T04:30:07.360Z] >>> HTTP REQUEST POST https://www.googleapis.com/oauth2/v3/token  
 <request body omitted>
[debug] [2018-11-12T04:30:07.899Z] <<< HTTP RESPONSE 200
[debug] [2018-11-12T04:30:07.909Z] >>> HTTP REQUEST POST https://cloudresourcemanager.googleapis.com/v1/projects/eshop-back:testIamPermissions  

[debug] [2018-11-12T04:30:08.528Z] <<< HTTP RESPONSE 200
[debug] [2018-11-12T04:30:08.530Z] >>> HTTP REQUEST GET https://cloudresourcemanager.googleapis.com/v1/projects/eshop-back  
 
[debug] [2018-11-12T04:30:09.039Z] <<< HTTP RESPONSE 200
[info] 
[info] === Serving from 'C:\Users\rrobl\WebstormProjects\serverless-node-crud-cloud-function'...
[info] 
[info] i  functions: Preparing to emulate functions.
[debug] [2018-11-12T04:30:12.074Z] Fetching environment
[debug] [2018-11-12T04:30:12.081Z] >>> HTTP REQUEST GET https://mobilesdk-pa.googleapis.com/v1/projects/672704932432:getServerAppConfig  
 
[debug] [2018-11-12T04:30:12.612Z] <<< HTTP RESPONSE 200
[debug] [2018-11-12T04:30:12.613Z] Starting @google-cloud/functions-emulator
[debug] [2018-11-12T04:30:19.204Z] Parsing function triggers
[info] +  functions: eshop: http://localhost:5000/eshop-back/us-central1/eshop
